D:\DENIS\UBER_DUPER_SIMULATION_CPP\DEBUG\UBER_DUPER_SIMULATION_CPP.EXE
D:\DENIS\UBER_DUPER_SIMULATION_CPP\DEBUG\UBER_DUPER_SIMULATION_CPP.ILK
D:\DENIS\UBER_DUPER_SIMULATION_CPP\DEBUG\UBER_DUPER_SIMULATION_CPP.PDB
D:\Denis\Uber_Duper_Simulation_Cpp\Uber_Duper_Simulation_Cpp\Debug\cl.command.1.tlog
D:\Denis\Uber_Duper_Simulation_Cpp\Uber_Duper_Simulation_Cpp\Debug\CL.read.1.tlog
D:\Denis\Uber_Duper_Simulation_Cpp\Uber_Duper_Simulation_Cpp\Debug\CL.write.1.tlog
D:\Denis\Uber_Duper_Simulation_Cpp\Uber_Duper_Simulation_Cpp\Debug\link.6184.read.1.tlog
D:\Denis\Uber_Duper_Simulation_Cpp\Uber_Duper_Simulation_Cpp\Debug\link.6184.write.1.tlog
D:\Denis\Uber_Duper_Simulation_Cpp\Uber_Duper_Simulation_Cpp\Debug\link.6184-cvtres.read.1.tlog
D:\Denis\Uber_Duper_Simulation_Cpp\Uber_Duper_Simulation_Cpp\Debug\link.6184-cvtres.write.1.tlog
D:\Denis\Uber_Duper_Simulation_Cpp\Uber_Duper_Simulation_Cpp\Debug\link.command.1.tlog
D:\Denis\Uber_Duper_Simulation_Cpp\Uber_Duper_Simulation_Cpp\Debug\link.read.1.tlog
D:\Denis\Uber_Duper_Simulation_Cpp\Uber_Duper_Simulation_Cpp\Debug\link.write.1.tlog
D:\Denis\Uber_Duper_Simulation_Cpp\Uber_Duper_Simulation_Cpp\Debug\link-cvtres.read.1.tlog
D:\Denis\Uber_Duper_Simulation_Cpp\Uber_Duper_Simulation_Cpp\Debug\link-cvtres.write.1.tlog
D:\Denis\Uber_Duper_Simulation_Cpp\Uber_Duper_Simulation_Cpp\Debug\mt.command.1.tlog
D:\Denis\Uber_Duper_Simulation_Cpp\Uber_Duper_Simulation_Cpp\Debug\mt.read.1.tlog
D:\Denis\Uber_Duper_Simulation_Cpp\Uber_Duper_Simulation_Cpp\Debug\mt.write.1.tlog
D:\Denis\Uber_Duper_Simulation_Cpp\Uber_Duper_Simulation_Cpp\Debug\rc.command.1.tlog
D:\Denis\Uber_Duper_Simulation_Cpp\Uber_Duper_Simulation_Cpp\Debug\rc.read.1.tlog
D:\Denis\Uber_Duper_Simulation_Cpp\Uber_Duper_Simulation_Cpp\Debug\rc.write.1.tlog
D:\DENIS\UBER_DUPER_SIMULATION_CPP\UBER_DUPER_SIMULATION_CPP\DEBUG\STDAFX.OBJ
D:\DENIS\UBER_DUPER_SIMULATION_CPP\UBER_DUPER_SIMULATION_CPP\DEBUG\UBER_DUPER_SIMULATION_CPP.EXE.EMBED.MANIFEST
D:\DENIS\UBER_DUPER_SIMULATION_CPP\UBER_DUPER_SIMULATION_CPP\DEBUG\UBER_DUPER_SIMULATION_CPP.EXE.EMBED.MANIFEST.RES
D:\DENIS\UBER_DUPER_SIMULATION_CPP\UBER_DUPER_SIMULATION_CPP\DEBUG\UBER_DUPER_SIMULATION_CPP.EXE.INTERMEDIATE.MANIFEST
D:\DENIS\UBER_DUPER_SIMULATION_CPP\UBER_DUPER_SIMULATION_CPP\DEBUG\UBER_DUPER_SIMULATION_CPP.OBJ
D:\Denis\Uber_Duper_Simulation_Cpp\Uber_Duper_Simulation_Cpp\Debug\Uber_Duper_Simulation_Cpp.write.1.tlog
D:\Denis\Uber_Duper_Simulation_Cpp\Uber_Duper_Simulation_Cpp\Debug\Uber_Duper_Simulation_Cpp_manifest.rc
D:\Denis\Uber_Duper_Simulation_Cpp\Uber_Duper_Simulation_Cpp\Debug\vc100.idb
D:\DENIS\UBER_DUPER_SIMULATION_CPP\UBER_DUPER_SIMULATION_CPP\DEBUG\VC100.PDB
